0 info it worked if it ends with ok
1 verbose cli [ '/usr/local/bin/node', '/usr/local/bin/npm', 'i' ]
2 info using npm@3.10.10
3 info using node@v6.10.3
4 silly loadCurrentTree Starting
5 silly install loadCurrentTree
6 silly install readLocalPackageData
7 silly install normalizeTree
8 silly loadCurrentTree Finishing
9 silly loadIdealTree Starting
10 silly install loadIdealTree
11 silly cloneCurrentTree Starting
12 silly install cloneCurrentTreeToIdealTree
13 silly cloneCurrentTree Finishing
14 silly loadShrinkwrap Starting
15 silly install loadShrinkwrap
16 silly loadShrinkwrap Finishing
17 silly loadAllDepsIntoIdealTree Starting
18 silly install loadAllDepsIntoIdealTree
19 silly fetchNamedPackageData react-native
20 silly mapToRegistry name react-native
21 silly mapToRegistry using default registry
22 silly mapToRegistry registry https://registry.npmjs.org/
23 silly mapToRegistry data Result {
23 silly mapToRegistry   raw: 'react-native',
23 silly mapToRegistry   scope: null,
23 silly mapToRegistry   escapedName: 'react-native',
23 silly mapToRegistry   name: 'react-native',
23 silly mapToRegistry   rawSpec: '',
23 silly mapToRegistry   spec: 'latest',
23 silly mapToRegistry   type: 'tag' }
24 silly mapToRegistry uri https://registry.npmjs.org/react-native
25 verbose request uri https://registry.npmjs.org/react-native
26 verbose request no auth needed
27 info attempt registry request try #1 at 16:19:02
28 verbose request id 6578455c764752ad
29 verbose etag W/"59145c72-d55e2"
30 verbose lastModified Thu, 11 May 2017 12:43:30 GMT
31 http request GET https://registry.npmjs.org/react-native
32 http 200 https://registry.npmjs.org/react-native
33 verbose headers { server: 'nginx/1.10.1',
33 verbose headers   'content-type': 'application/json',
33 verbose headers   'last-modified': 'Fri, 26 May 2017 14:28:05 GMT',
33 verbose headers   etag: 'W/"59283b75-dc776"',
33 verbose headers   'content-encoding': 'gzip',
33 verbose headers   'cache-control': 'max-age=300',
33 verbose headers   'content-length': '32979',
33 verbose headers   'accept-ranges': 'bytes',
33 verbose headers   date: 'Tue, 30 May 2017 08:19:04 GMT',
33 verbose headers   via: '1.1 varnish',
33 verbose headers   age: '0',
33 verbose headers   connection: 'keep-alive',
33 verbose headers   'x-served-by': 'cache-nrt6126-NRT',
33 verbose headers   'x-cache': 'HIT',
33 verbose headers   'x-cache-hits': '1',
33 verbose headers   'x-timer': 'S1496132344.726957,VS0,VE550',
33 verbose headers   vary: 'Accept-Encoding' }
34 silly get cb [ 200,
34 silly get   { server: 'nginx/1.10.1',
34 silly get     'content-type': 'application/json',
34 silly get     'last-modified': 'Fri, 26 May 2017 14:28:05 GMT',
34 silly get     etag: 'W/"59283b75-dc776"',
34 silly get     'content-encoding': 'gzip',
34 silly get     'cache-control': 'max-age=300',
34 silly get     'content-length': '32979',
34 silly get     'accept-ranges': 'bytes',
34 silly get     date: 'Tue, 30 May 2017 08:19:04 GMT',
34 silly get     via: '1.1 varnish',
34 silly get     age: '0',
34 silly get     connection: 'keep-alive',
34 silly get     'x-served-by': 'cache-nrt6126-NRT',
34 silly get     'x-cache': 'HIT',
34 silly get     'x-cache-hits': '1',
34 silly get     'x-timer': 'S1496132344.726957,VS0,VE550',
34 silly get     vary: 'Accept-Encoding' } ]
35 verbose get saving react-native to /Users/comv/.npm/registry.npmjs.org/react-native/.cache.json
36 verbose correctMkdir /Users/comv/.npm correctMkdir not in flight; initializing
37 silly resolveWithNewModule react-native@0.43.0 checking installable status
38 silly cache add args [ 'react-native@0.43.0', null ]
39 verbose cache add spec react-native@0.43.0
40 silly cache add parsed spec Result {
40 silly cache add   raw: 'react-native@0.43.0',
40 silly cache add   scope: null,
40 silly cache add   escapedName: 'react-native',
40 silly cache add   name: 'react-native',
40 silly cache add   rawSpec: '0.43.0',
40 silly cache add   spec: '0.43.0',
40 silly cache add   type: 'version' }
41 silly addNamed react-native@0.43.0
42 verbose addNamed "0.43.0" is a plain semver version for react-native
43 silly mapToRegistry name react-native
44 silly mapToRegistry using default registry
45 silly mapToRegistry registry https://registry.npmjs.org/
46 silly mapToRegistry data Result {
46 silly mapToRegistry   raw: 'react-native',
46 silly mapToRegistry   scope: null,
46 silly mapToRegistry   escapedName: 'react-native',
46 silly mapToRegistry   name: 'react-native',
46 silly mapToRegistry   rawSpec: '',
46 silly mapToRegistry   spec: 'latest',
46 silly mapToRegistry   type: 'tag' }
47 silly mapToRegistry uri https://registry.npmjs.org/react-native
48 verbose addNameVersion registry:https://registry.npmjs.org/react-native not in flight; fetching
49 verbose get https://registry.npmjs.org/react-native not expired, no request
50 silly mapToRegistry name react-native
51 silly mapToRegistry using default registry
52 silly mapToRegistry registry https://registry.npmjs.org/
53 silly mapToRegistry data Result {
53 silly mapToRegistry   raw: 'react-native',
53 silly mapToRegistry   scope: null,
53 silly mapToRegistry   escapedName: 'react-native',
53 silly mapToRegistry   name: 'react-native',
53 silly mapToRegistry   rawSpec: '',
53 silly mapToRegistry   spec: 'latest',
53 silly mapToRegistry   type: 'tag' }
54 silly mapToRegistry uri https://registry.npmjs.org/react-native
55 verbose addRemoteTarball https://registry.npmjs.org/react-native/-/react-native-0.43.0.tgz not in flight; adding
56 verbose addRemoteTarball [ 'https://registry.npmjs.org/react-native/-/react-native-0.43.0.tgz',
56 verbose addRemoteTarball   '782b3e3918590d36f9b362b80d72341e8468c3aa' ]
57 info retry fetch attempt 1 at 16:19:24
58 info attempt registry request try #1 at 16:19:24
59 http fetch GET https://registry.npmjs.org/react-native/-/react-native-0.43.0.tgz
60 http fetch 200 https://registry.npmjs.org/react-native/-/react-native-0.43.0.tgz
61 info retry will retry, error on last attempt: Error: read ETIMEDOUT
62 silly fetchAndShaCheck shasum 782b3e3918590d36f9b362b80d72341e8468c3aa
63 silly rollbackFailedOptional Starting
64 silly rollbackFailedOptional Finishing
65 silly runTopLevelLifecycles Finishing
66 silly install printInstalled
67 verbose stack Error: shasum check failed for /var/folders/cx/mk0gc96x0m72xs1zjcpkc7nc0000gn/T/npm-13347-58ea6840/registry.npmjs.org/react-native/-/react-native-0.43.0.tgz
67 verbose stack Expected: 782b3e3918590d36f9b362b80d72341e8468c3aa
67 verbose stack Actual:   4ca614acf06cc41343946406e0e7f0f71909e4b7
67 verbose stack From:     https://registry.npmjs.org/react-native/-/react-native-0.43.0.tgz
67 verbose stack     at /usr/local/lib/node_modules/npm/node_modules/sha/index.js:25:8
67 verbose stack     at ReadStream.<anonymous> (/usr/local/lib/node_modules/npm/node_modules/sha/index.js:72:7)
67 verbose stack     at emitNone (events.js:91:20)
67 verbose stack     at ReadStream.emit (events.js:185:7)
67 verbose stack     at endReadableNT (_stream_readable.js:974:12)
67 verbose stack     at _combinedTickCallback (internal/process/next_tick.js:80:11)
67 verbose stack     at process._tickCallback (internal/process/next_tick.js:104:9)
68 verbose cwd /Users/comv/AwesomeProject
69 error Darwin 16.0.0
70 error argv "/usr/local/bin/node" "/usr/local/bin/npm" "i"
71 error node v6.10.3
72 error npm  v3.10.10
73 error shasum check failed for /var/folders/cx/mk0gc96x0m72xs1zjcpkc7nc0000gn/T/npm-13347-58ea6840/registry.npmjs.org/react-native/-/react-native-0.43.0.tgz
73 error Expected: 782b3e3918590d36f9b362b80d72341e8468c3aa
73 error Actual:   4ca614acf06cc41343946406e0e7f0f71909e4b7
73 error From:     https://registry.npmjs.org/react-native/-/react-native-0.43.0.tgz
74 error If you need help, you may report this error at:
74 error     <https://github.com/npm/npm/issues>
75 verbose exit [ 1, true ]
